-- Found ament_cmake: 1.3.11 (/opt/ros/humble/share/ament_cmake/cmake)
-- Override CMake install command with custom implementation using symlinks instead of copying resources
-- Found xacro: 2.0.8 (/opt/ros/humble/share/xacro/cmake)
WARNING: Package name "mobRobURDF_description" does not follow the naming conventions. It should start with a lower case letter and only contain lower case letters, digits, underscores, and dashes.
-- Configuring done
-- Generating done
-- Build files have been written to: /home/alip22/Mobile_Robot_URDF_Maker/build/mobRobURDF_description
-- Install configuration: ""
-- Execute custom install script
-- Symlinking: /home/alip22/Mobile_Robot_URDF_Maker/install/mobRobURDF_description/share/mobRobURDF_description/urdf/gazebo_files/gazebo_sensors.xacro
-- Symlinking: /home/alip22/Mobile_Robot_URDF_Maker/install/mobRobURDF_description/share/mobRobURDF_description/urdf/macros/inertial_macros.xacro
-- Symlinking: /home/alip22/Mobile_Robot_URDF_Maker/install/mobRobURDF_description/share/mobRobURDF_description/urdf/macros/material_macros.xacro
-- Symlinking: /home/alip22/Mobile_Robot_URDF_Maker/install/mobRobURDF_description/share/mobRobURDF_description/urdf/mobRob.urdf
-- Symlinking: /home/alip22/Mobile_Robot_URDF_Maker/install/mobRobURDF_description/share/mobRobURDF_description/urdf/mobRob.xacro
-- Symlinking: /home/alip22/Mobile_Robot_URDF_Maker/install/mobRobURDF_description/share/mobRobURDF_description/urdf/submodules/base.xacro
-- Symlinking: /home/alip22/Mobile_Robot_URDF_Maker/install/mobRobURDF_description/share/mobRobURDF_description/urdf/submodules/sensors.xacro
-- Symlinking: /home/alip22/Mobile_Robot_URDF_Maker/install/mobRobURDF_description/share/mobRobURDF_description/urdf/submodules/wheels.xacro
-- Up-to-date symlink: /home/alip22/Mobile_Robot_URDF_Maker/install/mobRobURDF_description/share/ament_index/resource_index/package_run_dependencies/mobRobURDF_description
-- Up-to-date symlink: /home/alip22/Mobile_Robot_URDF_Maker/install/mobRobURDF_description/share/ament_index/resource_index/parent_prefix_path/mobRobURDF_description
-- Up-to-date symlink: /home/alip22/Mobile_Robot_URDF_Maker/install/mobRobURDF_description/share/mobRobURDF_description/environment/ament_prefix_path.sh
-- Up-to-date symlink: /home/alip22/Mobile_Robot_URDF_Maker/install/mobRobURDF_description/share/mobRobURDF_description/environment/ament_prefix_path.dsv
-- Up-to-date symlink: /home/alip22/Mobile_Robot_URDF_Maker/install/mobRobURDF_description/share/mobRobURDF_description/environment/path.sh
-- Up-to-date symlink: /home/alip22/Mobile_Robot_URDF_Maker/install/mobRobURDF_description/share/mobRobURDF_description/environment/path.dsv
-- Up-to-date symlink: /home/alip22/Mobile_Robot_URDF_Maker/install/mobRobURDF_description/share/mobRobURDF_description/local_setup.bash
-- Up-to-date symlink: /home/alip22/Mobile_Robot_URDF_Maker/install/mobRobURDF_description/share/mobRobURDF_description/local_setup.sh
-- Up-to-date symlink: /home/alip22/Mobile_Robot_URDF_Maker/install/mobRobURDF_description/share/mobRobURDF_description/local_setup.zsh
-- Up-to-date symlink: /home/alip22/Mobile_Robot_URDF_Maker/install/mobRobURDF_description/share/mobRobURDF_description/local_setup.dsv
-- Symlinking: /home/alip22/Mobile_Robot_URDF_Maker/install/mobRobURDF_description/share/mobRobURDF_description/package.dsv
-- Up-to-date symlink: /home/alip22/Mobile_Robot_URDF_Maker/install/mobRobURDF_description/share/ament_index/resource_index/packages/mobRobURDF_description
-- Up-to-date symlink: /home/alip22/Mobile_Robot_URDF_Maker/install/mobRobURDF_description/share/mobRobURDF_description/cmake/mobRobURDF_descriptionConfig.cmake
-- Up-to-date symlink: /home/alip22/Mobile_Robot_URDF_Maker/install/mobRobURDF_description/share/mobRobURDF_description/cmake/mobRobURDF_descriptionConfig-version.cmake
-- Up-to-date symlink: /home/alip22/Mobile_Robot_URDF_Maker/install/mobRobURDF_description/share/mobRobURDF_description/package.xml
