-- Install configuration: ""
-- Execute custom install script
-- Up-to-date symlink: /home/alip22/Mobile_Robot_URDF_Maker/install/mobRobURDF_description/share/ament_index/resource_index/package_run_dependencies/mobRobURDF_description
-- Up-to-date symlink: /home/alip22/Mobile_Robot_URDF_Maker/install/mobRobURDF_description/share/ament_index/resource_index/parent_prefix_path/mobRobURDF_description
-- Up-to-date symlink: /home/alip22/Mobile_Robot_URDF_Maker/install/mobRobURDF_description/share/mobRobURDF_description/environment/ament_prefix_path.sh
-- Up-to-date symlink: /home/alip22/Mobile_Robot_URDF_Maker/install/mobRobURDF_description/share/mobRobURDF_description/environment/ament_prefix_path.dsv
-- Up-to-date symlink: /home/alip22/Mobile_Robot_URDF_Maker/install/mobRobURDF_description/share/mobRobURDF_description/environment/path.sh
-- Up-to-date symlink: /home/alip22/Mobile_Robot_URDF_Maker/install/mobRobURDF_description/share/mobRobURDF_description/environment/path.dsv
-- Up-to-date symlink: /home/alip22/Mobile_Robot_URDF_Maker/install/mobRobURDF_description/share/mobRobURDF_description/local_setup.bash
-- Up-to-date symlink: /home/alip22/Mobile_Robot_URDF_Maker/install/mobRobURDF_description/share/mobRobURDF_description/local_setup.sh
-- Up-to-date symlink: /home/alip22/Mobile_Robot_URDF_Maker/install/mobRobURDF_description/share/mobRobURDF_description/local_setup.zsh
-- Up-to-date symlink: /home/alip22/Mobile_Robot_URDF_Maker/install/mobRobURDF_description/share/mobRobURDF_description/local_setup.dsv
-- Symlinking: /home/alip22/Mobile_Robot_URDF_Maker/install/mobRobURDF_description/share/mobRobURDF_description/package.dsv
-- Up-to-date symlink: /home/alip22/Mobile_Robot_URDF_Maker/install/mobRobURDF_description/share/ament_index/resource_index/packages/mobRobURDF_description
-- Up-to-date symlink: /home/alip22/Mobile_Robot_URDF_Maker/install/mobRobURDF_description/share/mobRobURDF_description/cmake/mobRobURDF_descriptionConfig.cmake
-- Up-to-date symlink: /home/alip22/Mobile_Robot_URDF_Maker/install/mobRobURDF_description/share/mobRobURDF_description/cmake/mobRobURDF_descriptionConfig-version.cmake
-- Up-to-date symlink: /home/alip22/Mobile_Robot_URDF_Maker/install/mobRobURDF_description/share/mobRobURDF_description/package.xml
-- Up-to-date: /home/alip22/Mobile_Robot_URDF_Maker/install/mobRobURDF_description/share/mobRobURDF_description/urdf
-- Up-to-date: /home/alip22/Mobile_Robot_URDF_Maker/install/mobRobURDF_description/share/mobRobURDF_description/urdf/mobRob.xacro
-- Up-to-date: /home/alip22/Mobile_Robot_URDF_Maker/install/mobRobURDF_description/share/mobRobURDF_description/urdf/gazebo_files
-- Up-to-date: /home/alip22/Mobile_Robot_URDF_Maker/install/mobRobURDF_description/share/mobRobURDF_description/urdf/gazebo_files/gazebo_sensors.xacro
-- Up-to-date: /home/alip22/Mobile_Robot_URDF_Maker/install/mobRobURDF_description/share/mobRobURDF_description/urdf/macros
-- Up-to-date: /home/alip22/Mobile_Robot_URDF_Maker/install/mobRobURDF_description/share/mobRobURDF_description/urdf/macros/material_macros.xacro
-- Up-to-date: /home/alip22/Mobile_Robot_URDF_Maker/install/mobRobURDF_description/share/mobRobURDF_description/urdf/macros/inertial_macros.xacro
-- Up-to-date: /home/alip22/Mobile_Robot_URDF_Maker/install/mobRobURDF_description/share/mobRobURDF_description/urdf/submodules
-- Up-to-date: /home/alip22/Mobile_Robot_URDF_Maker/install/mobRobURDF_description/share/mobRobURDF_description/urdf/submodules/base.xacro
-- Up-to-date: /home/alip22/Mobile_Robot_URDF_Maker/install/mobRobURDF_description/share/mobRobURDF_description/urdf/submodules/wheels.xacro
-- Up-to-date: /home/alip22/Mobile_Robot_URDF_Maker/install/mobRobURDF_description/share/mobRobURDF_description/urdf/submodules/sensors.xacro
