[0.498s] DEBUG:colcon:Command line arguments: ['/usr/bin/colcon', 'build', '--symlink-install']
[0.498s] DEBUG:colcon:Parsed command line arguments: Namespace(log_base=None, log_level=None, verb_name='build', build_base='build', install_base='install', merge_install=False, symlink_install=True, test_result_base=None, continue_on_error=False, executor='parallel', parallel_workers=16, event_handlers=None, ignore_user_meta=False, metas=['./colcon.meta'], base_paths=['.'], packages_ignore=None, packages_ignore_regex=None, paths=None, packages_up_to=None, packages_up_to_regex=None, packages_above=None, packages_above_and_dependencies=None, packages_above_depth=None, packages_select_by_dep=None, packages_skip_by_dep=None, packages_skip_up_to=None, packages_select_build_failed=False, packages_skip_build_finished=False, packages_select_test_failures=False, packages_skip_test_passed=False, packages_select=None, packages_skip=None, packages_select_regex=None, packages_skip_regex=None, packages_start=None, packages_end=None, allow_overriding=[], cmake_args=None, cmake_target=None, cmake_target_skip_unavailable=False, cmake_clean_cache=False, cmake_clean_first=False, cmake_force_configure=False, ament_cmake_args=None, catkin_cmake_args=None, catkin_skip_building_tests=False, mixin_files=None, mixin=None, verb_parser=<colcon_mixin.mixin.mixin_argument.MixinArgumentDecorator object at 0x7fc7b73e6b30>, verb_extension=<colcon_core.verb.build.BuildVerb object at 0x7fc7b73e6620>, main=<bound method BuildVerb.main of <colcon_core.verb.build.BuildVerb object at 0x7fc7b73e6620>>, mixin_verb=('build',))
[0.738s] Level 1:colcon.colcon_core.package_discovery:discover_packages(colcon_meta) check parameters
[0.738s] Level 1:colcon.colcon_core.package_discovery:discover_packages(recursive) check parameters
[0.738s] Level 1:colcon.colcon_core.package_discovery:discover_packages(ignore) check parameters
[0.738s] Level 1:colcon.colcon_core.package_discovery:discover_packages(path) check parameters
[0.738s] Level 1:colcon.colcon_core.package_discovery:discover_packages(colcon_meta) discover
[0.738s] Level 1:colcon.colcon_core.package_discovery:discover_packages(recursive) discover
[0.738s] INFO:colcon.colcon_core.package_discovery:Crawling recursively for packages in '/home/alip22/Mobile_Robot_URDF_Maker'
[0.738s] Level 1:colcon.colcon_core.package_identification:_identify(.) by extensions ['ignore', 'ignore_ament_install']
[0.738s] Level 1:colcon.colcon_core.package_identification:_identify(.) by extension 'ignore'
[0.739s] Level 1:colcon.colcon_core.package_identification:_identify(.) by extension 'ignore_ament_install'
[0.739s] Level 1:colcon.colcon_core.package_identification:_identify(.) by extensions ['colcon_pkg']
[0.739s] Level 1:colcon.colcon_core.package_identification:_identify(.) by extension 'colcon_pkg'
[0.739s] Level 1:colcon.colcon_core.package_identification:_identify(.) by extensions ['colcon_meta']
[0.739s] Level 1:colcon.colcon_core.package_identification:_identify(.) by extension 'colcon_meta'
[0.739s] Level 1:colcon.colcon_core.package_identification:_identify(.) by extensions ['ros']
[0.739s] Level 1:colcon.colcon_core.package_identification:_identify(.) by extension 'ros'
[0.751s] Level 1:colcon.colcon_core.package_identification:_identify(.) by extensions ['cmake', 'python']
[0.751s] Level 1:colcon.colcon_core.package_identification:_identify(.) by extension 'cmake'
[0.751s] Level 1:colcon.colcon_core.package_identification:_identify(.) by extension 'python'
[0.751s] Level 1:colcon.colcon_core.package_identification:_identify(.) by extensions ['python_setup_py']
[0.751s] Level 1:colcon.colcon_core.package_identification:_identify(.) by extension 'python_setup_py'
[0.751s] Level 1:colcon.colcon_core.package_identification:_identify(autofork_launch) by extensions ['ignore', 'ignore_ament_install']
[0.751s] Level 1:colcon.colcon_core.package_identification:_identify(autofork_launch) by extension 'ignore'
[0.751s] Level 1:colcon.colcon_core.package_identification:_identify(autofork_launch) by extension 'ignore_ament_install'
[0.751s] Level 1:colcon.colcon_core.package_identification:_identify(autofork_launch) by extensions ['colcon_pkg']
[0.751s] Level 1:colcon.colcon_core.package_identification:_identify(autofork_launch) by extension 'colcon_pkg'
[0.751s] Level 1:colcon.colcon_core.package_identification:_identify(autofork_launch) by extensions ['colcon_meta']
[0.751s] Level 1:colcon.colcon_core.package_identification:_identify(autofork_launch) by extension 'colcon_meta'
[0.752s] Level 1:colcon.colcon_core.package_identification:_identify(autofork_launch) by extensions ['ros']
[0.752s] Level 1:colcon.colcon_core.package_identification:_identify(autofork_launch) by extension 'ros'
[0.752s] Level 1:colcon.colcon_core.package_identification:_identify(autofork_launch) by extensions ['cmake', 'python']
[0.752s] Level 1:colcon.colcon_core.package_identification:_identify(autofork_launch) by extension 'cmake'
[0.752s] Level 1:colcon.colcon_core.package_identification:_identify(autofork_launch) by extension 'python'
[0.752s] Level 1:colcon.colcon_core.package_identification:_identify(autofork_launch) by extensions ['python_setup_py']
[0.752s] Level 1:colcon.colcon_core.package_identification:_identify(autofork_launch) by extension 'python_setup_py'
[0.752s] Level 1:colcon.colcon_core.package_identification:_identify(build) by extensions ['ignore', 'ignore_ament_install']
[0.752s] Level 1:colcon.colcon_core.package_identification:_identify(build) by extension 'ignore'
[0.752s] Level 1:colcon.colcon_core.package_identification:_identify(build) ignored
[0.752s] Level 1:colcon.colcon_core.package_identification:_identify(etc) by extensions ['ignore', 'ignore_ament_install']
[0.752s] Level 1:colcon.colcon_core.package_identification:_identify(etc) by extension 'ignore'
[0.752s] Level 1:colcon.colcon_core.package_identification:_identify(etc) by extension 'ignore_ament_install'
[0.752s] Level 1:colcon.colcon_core.package_identification:_identify(etc) by extensions ['colcon_pkg']
[0.752s] Level 1:colcon.colcon_core.package_identification:_identify(etc) by extension 'colcon_pkg'
[0.752s] Level 1:colcon.colcon_core.package_identification:_identify(etc) by extensions ['colcon_meta']
[0.752s] Level 1:colcon.colcon_core.package_identification:_identify(etc) by extension 'colcon_meta'
[0.752s] Level 1:colcon.colcon_core.package_identification:_identify(etc) by extensions ['ros']
[0.752s] Level 1:colcon.colcon_core.package_identification:_identify(etc) by extension 'ros'
[0.752s] Level 1:colcon.colcon_core.package_identification:_identify(etc) by extensions ['cmake', 'python']
[0.752s] Level 1:colcon.colcon_core.package_identification:_identify(etc) by extension 'cmake'
[0.752s] Level 1:colcon.colcon_core.package_identification:_identify(etc) by extension 'python'
[0.752s] Level 1:colcon.colcon_core.package_identification:_identify(etc) by extensions ['python_setup_py']
[0.752s] Level 1:colcon.colcon_core.package_identification:_identify(etc) by extension 'python_setup_py'
[0.752s] Level 1:colcon.colcon_core.package_identification:_identify(etc/other_versions) by extensions ['ignore', 'ignore_ament_install']
[0.752s] Level 1:colcon.colcon_core.package_identification:_identify(etc/other_versions) by extension 'ignore'
[0.752s] Level 1:colcon.colcon_core.package_identification:_identify(etc/other_versions) by extension 'ignore_ament_install'
[0.752s] Level 1:colcon.colcon_core.package_identification:_identify(etc/other_versions) by extensions ['colcon_pkg']
[0.752s] Level 1:colcon.colcon_core.package_identification:_identify(etc/other_versions) by extension 'colcon_pkg'
[0.752s] Level 1:colcon.colcon_core.package_identification:_identify(etc/other_versions) by extensions ['colcon_meta']
[0.752s] Level 1:colcon.colcon_core.package_identification:_identify(etc/other_versions) by extension 'colcon_meta'
[0.752s] Level 1:colcon.colcon_core.package_identification:_identify(etc/other_versions) by extensions ['ros']
[0.752s] Level 1:colcon.colcon_core.package_identification:_identify(etc/other_versions) by extension 'ros'
[0.752s] Level 1:colcon.colcon_core.package_identification:_identify(etc/other_versions) by extensions ['cmake', 'python']
[0.752s] Level 1:colcon.colcon_core.package_identification:_identify(etc/other_versions) by extension 'cmake'
[0.752s] Level 1:colcon.colcon_core.package_identification:_identify(etc/other_versions) by extension 'python'
[0.752s] Level 1:colcon.colcon_core.package_identification:_identify(etc/other_versions) by extensions ['python_setup_py']
[0.752s] Level 1:colcon.colcon_core.package_identification:_identify(etc/other_versions) by extension 'python_setup_py'
[0.752s] Level 1:colcon.colcon_core.package_identification:_identify(etc/temp) by extensions ['ignore', 'ignore_ament_install']
[0.752s] Level 1:colcon.colcon_core.package_identification:_identify(etc/temp) by extension 'ignore'
[0.752s] Level 1:colcon.colcon_core.package_identification:_identify(etc/temp) by extension 'ignore_ament_install'
[0.752s] Level 1:colcon.colcon_core.package_identification:_identify(etc/temp) by extensions ['colcon_pkg']
[0.752s] Level 1:colcon.colcon_core.package_identification:_identify(etc/temp) by extension 'colcon_pkg'
[0.752s] Level 1:colcon.colcon_core.package_identification:_identify(etc/temp) by extensions ['colcon_meta']
[0.752s] Level 1:colcon.colcon_core.package_identification:_identify(etc/temp) by extension 'colcon_meta'
[0.752s] Level 1:colcon.colcon_core.package_identification:_identify(etc/temp) by extensions ['ros']
[0.752s] Level 1:colcon.colcon_core.package_identification:_identify(etc/temp) by extension 'ros'
[0.752s] Level 1:colcon.colcon_core.package_identification:_identify(etc/temp) by extensions ['cmake', 'python']
[0.752s] Level 1:colcon.colcon_core.package_identification:_identify(etc/temp) by extension 'cmake'
[0.752s] Level 1:colcon.colcon_core.package_identification:_identify(etc/temp) by extension 'python'
[0.752s] Level 1:colcon.colcon_core.package_identification:_identify(etc/temp) by extensions ['python_setup_py']
[0.753s] Level 1:colcon.colcon_core.package_identification:_identify(etc/temp) by extension 'python_setup_py'
[0.753s] Level 1:colcon.colcon_core.package_identification:_identify(install) by extensions ['ignore', 'ignore_ament_install']
[0.753s] Level 1:colcon.colcon_core.package_identification:_identify(install) by extension 'ignore'
[0.753s] Level 1:colcon.colcon_core.package_identification:_identify(install) ignored
[0.753s] Level 1:colcon.colcon_core.package_identification:_identify(log) by extensions ['ignore', 'ignore_ament_install']
[0.753s] Level 1:colcon.colcon_core.package_identification:_identify(log) by extension 'ignore'
[0.753s] Level 1:colcon.colcon_core.package_identification:_identify(log) ignored
[0.753s] Level 1:colcon.colcon_core.package_identification:_identify(src) by extensions ['ignore', 'ignore_ament_install']
[0.753s] Level 1:colcon.colcon_core.package_identification:_identify(src) by extension 'ignore'
[0.753s] Level 1:colcon.colcon_core.package_identification:_identify(src) by extension 'ignore_ament_install'
[0.753s] Level 1:colcon.colcon_core.package_identification:_identify(src) by extensions ['colcon_pkg']
[0.753s] Level 1:colcon.colcon_core.package_identification:_identify(src) by extension 'colcon_pkg'
[0.753s] Level 1:colcon.colcon_core.package_identification:_identify(src) by extensions ['colcon_meta']
[0.753s] Level 1:colcon.colcon_core.package_identification:_identify(src) by extension 'colcon_meta'
[0.753s] Level 1:colcon.colcon_core.package_identification:_identify(src) by extensions ['ros']
[0.753s] Level 1:colcon.colcon_core.package_identification:_identify(src) by extension 'ros'
[0.753s] Level 1:colcon.colcon_core.package_identification:_identify(src) by extensions ['cmake', 'python']
[0.753s] Level 1:colcon.colcon_core.package_identification:_identify(src) by extension 'cmake'
[0.753s] Level 1:colcon.colcon_core.package_identification:_identify(src) by extension 'python'
[0.753s] Level 1:colcon.colcon_core.package_identification:_identify(src) by extensions ['python_setup_py']
[0.753s] Level 1:colcon.colcon_core.package_identification:_identify(src) by extension 'python_setup_py'
[0.753s] Level 1:colcon.colcon_core.package_identification:_identify(src/mobRobURDF_description) by extensions ['ignore', 'ignore_ament_install']
[0.753s] Level 1:colcon.colcon_core.package_identification:_identify(src/mobRobURDF_description) by extension 'ignore'
[0.753s] Level 1:colcon.colcon_core.package_identification:_identify(src/mobRobURDF_description) by extension 'ignore_ament_install'
[0.753s] Level 1:colcon.colcon_core.package_identification:_identify(src/mobRobURDF_description) by extensions ['colcon_pkg']
[0.753s] Level 1:colcon.colcon_core.package_identification:_identify(src/mobRobURDF_description) by extension 'colcon_pkg'
[0.753s] Level 1:colcon.colcon_core.package_identification:_identify(src/mobRobURDF_description) by extensions ['colcon_meta']
[0.753s] Level 1:colcon.colcon_core.package_identification:_identify(src/mobRobURDF_description) by extension 'colcon_meta'
[0.753s] Level 1:colcon.colcon_core.package_identification:_identify(src/mobRobURDF_description) by extensions ['ros']
[0.753s] Level 1:colcon.colcon_core.package_identification:_identify(src/mobRobURDF_description) by extension 'ros'
[0.755s] DEBUG:colcon.colcon_core.package_identification:Package 'src/mobRobURDF_description' with type 'ros.ament_cmake' and name 'mobRobURDF_description'
[0.755s] Level 1:colcon.colcon_core.package_identification:_identify(src/mobRobURDF_wizard) by extensions ['ignore', 'ignore_ament_install']
[0.755s] Level 1:colcon.colcon_core.package_identification:_identify(src/mobRobURDF_wizard) by extension 'ignore'
[0.755s] Level 1:colcon.colcon_core.package_identification:_identify(src/mobRobURDF_wizard) by extension 'ignore_ament_install'
[0.755s] Level 1:colcon.colcon_core.package_identification:_identify(src/mobRobURDF_wizard) by extensions ['colcon_pkg']
[0.755s] Level 1:colcon.colcon_core.package_identification:_identify(src/mobRobURDF_wizard) by extension 'colcon_pkg'
[0.755s] Level 1:colcon.colcon_core.package_identification:_identify(src/mobRobURDF_wizard) by extensions ['colcon_meta']
[0.755s] Level 1:colcon.colcon_core.package_identification:_identify(src/mobRobURDF_wizard) by extension 'colcon_meta'
[0.755s] Level 1:colcon.colcon_core.package_identification:_identify(src/mobRobURDF_wizard) by extensions ['ros']
[0.755s] Level 1:colcon.colcon_core.package_identification:_identify(src/mobRobURDF_wizard) by extension 'ros'
[0.756s] DEBUG:colcon.colcon_core.package_identification:Package 'src/mobRobURDF_wizard' with type 'ros.ament_python' and name 'mobRobURDF_wizard'
[0.756s] Level 1:colcon.colcon_core.package_discovery:discover_packages(recursive) using defaults
[0.756s] Level 1:colcon.colcon_core.package_discovery:discover_packages(ignore) discover
[0.756s] Level 1:colcon.colcon_core.package_discovery:discover_packages(ignore) using defaults
[0.756s] Level 1:colcon.colcon_core.package_discovery:discover_packages(path) discover
[0.756s] Level 1:colcon.colcon_core.package_discovery:discover_packages(path) using defaults
[0.776s] Level 1:colcon.colcon_core.package_discovery:discover_packages(prefix_path) check parameters
[0.776s] Level 1:colcon.colcon_core.package_discovery:discover_packages(prefix_path) discover
[0.780s] DEBUG:colcon.colcon_installed_package_information.package_discovery:Found 413 installed packages in /opt/ros/humble
[0.781s] Level 1:colcon.colcon_core.package_discovery:discover_packages(prefix_path) using defaults
[0.852s] Level 5:colcon.colcon_core.verb:set package 'mobRobURDF_description' build argument 'cmake_args' from command line to 'None'
[0.852s] Level 5:colcon.colcon_core.verb:set package 'mobRobURDF_description' build argument 'cmake_target' from command line to 'None'
[0.852s] Level 5:colcon.colcon_core.verb:set package 'mobRobURDF_description' build argument 'cmake_target_skip_unavailable' from command line to 'False'
[0.852s] Level 5:colcon.colcon_core.verb:set package 'mobRobURDF_description' build argument 'cmake_clean_cache' from command line to 'False'
[0.852s] Level 5:colcon.colcon_core.verb:set package 'mobRobURDF_description' build argument 'cmake_clean_first' from command line to 'False'
[0.852s] Level 5:colcon.colcon_core.verb:set package 'mobRobURDF_description' build argument 'cmake_force_configure' from command line to 'False'
[0.852s] Level 5:colcon.colcon_core.verb:set package 'mobRobURDF_description' build argument 'ament_cmake_args' from command line to 'None'
[0.852s] Level 5:colcon.colcon_core.verb:set package 'mobRobURDF_description' build argument 'catkin_cmake_args' from command line to 'None'
[0.852s] Level 5:colcon.colcon_core.verb:set package 'mobRobURDF_description' build argument 'catkin_skip_building_tests' from command line to 'False'
[0.852s] DEBUG:colcon.colcon_core.verb:Building package 'mobRobURDF_description' with the following arguments: {'ament_cmake_args': None, 'build_base': '/home/alip22/Mobile_Robot_URDF_Maker/build/mobRobURDF_description', 'catkin_cmake_args': None, 'catkin_skip_building_tests': False, 'cmake_args': None, 'cmake_clean_cache': False, 'cmake_clean_first': False, 'cmake_force_configure': False, 'cmake_target': None, 'cmake_target_skip_unavailable': False, 'install_base': '/home/alip22/Mobile_Robot_URDF_Maker/install/mobRobURDF_description', 'merge_install': False, 'path': '/home/alip22/Mobile_Robot_URDF_Maker/src/mobRobURDF_description', 'symlink_install': True, 'test_result_base': None}
[0.853s] Level 5:colcon.colcon_core.verb:set package 'mobRobURDF_wizard' build argument 'cmake_args' from command line to 'None'
[0.853s] Level 5:colcon.colcon_core.verb:set package 'mobRobURDF_wizard' build argument 'cmake_target' from command line to 'None'
[0.853s] Level 5:colcon.colcon_core.verb:set package 'mobRobURDF_wizard' build argument 'cmake_target_skip_unavailable' from command line to 'False'
[0.853s] Level 5:colcon.colcon_core.verb:set package 'mobRobURDF_wizard' build argument 'cmake_clean_cache' from command line to 'False'
[0.853s] Level 5:colcon.colcon_core.verb:set package 'mobRobURDF_wizard' build argument 'cmake_clean_first' from command line to 'False'
[0.853s] Level 5:colcon.colcon_core.verb:set package 'mobRobURDF_wizard' build argument 'cmake_force_configure' from command line to 'False'
[0.853s] Level 5:colcon.colcon_core.verb:set package 'mobRobURDF_wizard' build argument 'ament_cmake_args' from command line to 'None'
[0.853s] Level 5:colcon.colcon_core.verb:set package 'mobRobURDF_wizard' build argument 'catkin_cmake_args' from command line to 'None'
[0.853s] Level 5:colcon.colcon_core.verb:set package 'mobRobURDF_wizard' build argument 'catkin_skip_building_tests' from command line to 'False'
[0.853s] DEBUG:colcon.colcon_core.verb:Building package 'mobRobURDF_wizard' with the following arguments: {'ament_cmake_args': None, 'build_base': '/home/alip22/Mobile_Robot_URDF_Maker/build/mobRobURDF_wizard', 'catkin_cmake_args': None, 'catkin_skip_building_tests': False, 'cmake_args': None, 'cmake_clean_cache': False, 'cmake_clean_first': False, 'cmake_force_configure': False, 'cmake_target': None, 'cmake_target_skip_unavailable': False, 'install_base': '/home/alip22/Mobile_Robot_URDF_Maker/install/mobRobURDF_wizard', 'merge_install': False, 'path': '/home/alip22/Mobile_Robot_URDF_Maker/src/mobRobURDF_wizard', 'symlink_install': True, 'test_result_base': None}
[0.853s] INFO:colcon.colcon_core.executor:Executing jobs using 'parallel' executor
[0.853s] DEBUG:colcon.colcon_parallel_executor.executor.parallel:run_until_complete
[0.854s] INFO:colcon.colcon_ros.task.ament_cmake.build:Building ROS package in '/home/alip22/Mobile_Robot_URDF_Maker/src/mobRobURDF_description' with build type 'ament_cmake'
[0.854s] INFO:colcon.colcon_cmake.task.cmake.build:Building CMake package in '/home/alip22/Mobile_Robot_URDF_Maker/src/mobRobURDF_description'
[0.857s] INFO:colcon.colcon_core.plugin_system:Skipping extension 'colcon_core.shell.bat': Not used on non-Windows systems
[0.857s] INFO:colcon.colcon_core.shell:Skip shell extension 'powershell' for command environment: Not usable outside of PowerShell
[0.857s] DEBUG:colcon.colcon_core.shell:Skip shell extension 'dsv' for command environment
[0.859s] INFO:colcon.colcon_ros.task.ament_python.build:Building ROS package in '/home/alip22/Mobile_Robot_URDF_Maker/src/mobRobURDF_wizard' with build type 'ament_python'
[0.859s] Level 1:colcon.colcon_core.shell:create_environment_hook('mobRobURDF_wizard', 'ament_prefix_path')
[0.859s] INFO:colcon.colcon_core.shell:Creating environment hook '/home/alip22/Mobile_Robot_URDF_Maker/install/mobRobURDF_wizard/share/mobRobURDF_wizard/hook/ament_prefix_path.ps1'
[0.860s] INFO:colcon.colcon_core.shell:Creating environment descriptor '/home/alip22/Mobile_Robot_URDF_Maker/install/mobRobURDF_wizard/share/mobRobURDF_wizard/hook/ament_prefix_path.dsv'
[0.860s] INFO:colcon.colcon_core.shell:Creating environment hook '/home/alip22/Mobile_Robot_URDF_Maker/install/mobRobURDF_wizard/share/mobRobURDF_wizard/hook/ament_prefix_path.sh'
[0.861s] INFO:colcon.colcon_core.shell:Skip shell extension 'powershell' for command environment: Not usable outside of PowerShell
[0.861s] DEBUG:colcon.colcon_core.shell:Skip shell extension 'dsv' for command environment
[0.865s] DEBUG:colcon.colcon_core.event_handler.log_command:Invoking command in '/home/alip22/Mobile_Robot_URDF_Maker/build/mobRobURDF_description': CMAKE_PREFIX_PATH=/opt/ros/humble /usr/bin/cmake /home/alip22/Mobile_Robot_URDF_Maker/src/mobRobURDF_description -DAMENT_CMAKE_SYMLINK_INSTALL=1 -DCMAKE_INSTALL_PREFIX=/home/alip22/Mobile_Robot_URDF_Maker/install/mobRobURDF_description
[1.008s] INFO:colcon.colcon_core.task.python.build:Building Python package in '/home/alip22/Mobile_Robot_URDF_Maker/src/mobRobURDF_wizard'
[1.008s] INFO:colcon.colcon_core.shell:Skip shell extension 'powershell' for command environment: Not usable outside of PowerShell
[1.008s] DEBUG:colcon.colcon_core.shell:Skip shell extension 'dsv' for command environment
[1.237s] DEBUG:colcon.colcon_core.event_handler.log_command:Invoking command in '/home/alip22/Mobile_Robot_URDF_Maker/build/mobRobURDF_wizard': PYTHONPATH=/home/alip22/Mobile_Robot_URDF_Maker/build/mobRobURDF_wizard/prefix_override:/usr/lib/python3/dist-packages/colcon_core/task/python/colcon_distutils_commands:/home/alip22/Mobile_Robot_URDF_Maker/install/mobRobURDF_wizard/lib/python3.10/site-packages:${PYTHONPATH} /usr/bin/python3 -W ignore:setup.py install is deprecated -W ignore:easy_install command is deprecated setup.py develop --editable --build-directory /home/alip22/Mobile_Robot_URDF_Maker/build/mobRobURDF_wizard/build --no-deps symlink_data
[1.490s] Level 1:colcon.colcon_core.shell:create_environment_hook('mobRobURDF_wizard', 'pythonpath_develop')
[1.490s] DEBUG:colcon.colcon_core.event_handler.log_command:Invoked command in '/home/alip22/Mobile_Robot_URDF_Maker/build/mobRobURDF_wizard' returned '0': PYTHONPATH=/home/alip22/Mobile_Robot_URDF_Maker/build/mobRobURDF_wizard/prefix_override:/usr/lib/python3/dist-packages/colcon_core/task/python/colcon_distutils_commands:/home/alip22/Mobile_Robot_URDF_Maker/install/mobRobURDF_wizard/lib/python3.10/site-packages:${PYTHONPATH} /usr/bin/python3 -W ignore:setup.py install is deprecated -W ignore:easy_install command is deprecated setup.py develop --editable --build-directory /home/alip22/Mobile_Robot_URDF_Maker/build/mobRobURDF_wizard/build --no-deps symlink_data
[1.490s] INFO:colcon.colcon_core.shell:Creating environment hook '/home/alip22/Mobile_Robot_URDF_Maker/build/mobRobURDF_wizard/share/mobRobURDF_wizard/hook/pythonpath_develop.ps1'
[1.491s] INFO:colcon.colcon_core.shell:Creating environment descriptor '/home/alip22/Mobile_Robot_URDF_Maker/build/mobRobURDF_wizard/share/mobRobURDF_wizard/hook/pythonpath_develop.dsv'
[1.491s] INFO:colcon.colcon_core.shell:Creating environment hook '/home/alip22/Mobile_Robot_URDF_Maker/build/mobRobURDF_wizard/share/mobRobURDF_wizard/hook/pythonpath_develop.sh'
[1.495s] Level 1:colcon.colcon_core.environment:checking '/home/alip22/Mobile_Robot_URDF_Maker/install/mobRobURDF_wizard' for CMake module files
[1.495s] Level 1:colcon.colcon_core.environment:checking '/home/alip22/Mobile_Robot_URDF_Maker/install/mobRobURDF_wizard' for CMake config files
[1.496s] Level 1:colcon.colcon_core.environment:checking '/home/alip22/Mobile_Robot_URDF_Maker/install/mobRobURDF_wizard/lib'
[1.496s] Level 1:colcon.colcon_core.environment:checking '/home/alip22/Mobile_Robot_URDF_Maker/install/mobRobURDF_wizard/bin'
[1.496s] Level 1:colcon.colcon_core.environment:checking '/home/alip22/Mobile_Robot_URDF_Maker/install/mobRobURDF_wizard/lib/pkgconfig/mobRobURDF_wizard.pc'
[1.496s] Level 1:colcon.colcon_core.environment:checking '/home/alip22/Mobile_Robot_URDF_Maker/install/mobRobURDF_wizard/lib/python3.10/site-packages'
[1.496s] Level 1:colcon.colcon_core.shell:create_environment_hook('mobRobURDF_wizard', 'pythonpath')
[1.496s] INFO:colcon.colcon_core.shell:Creating environment hook '/home/alip22/Mobile_Robot_URDF_Maker/install/mobRobURDF_wizard/share/mobRobURDF_wizard/hook/pythonpath.ps1'
[1.496s] INFO:colcon.colcon_core.shell:Creating environment descriptor '/home/alip22/Mobile_Robot_URDF_Maker/install/mobRobURDF_wizard/share/mobRobURDF_wizard/hook/pythonpath.dsv'
[1.496s] INFO:colcon.colcon_core.shell:Creating environment hook '/home/alip22/Mobile_Robot_URDF_Maker/install/mobRobURDF_wizard/share/mobRobURDF_wizard/hook/pythonpath.sh'
[1.497s] Level 1:colcon.colcon_core.environment:checking '/home/alip22/Mobile_Robot_URDF_Maker/install/mobRobURDF_wizard/bin'
[1.497s] Level 1:colcon.colcon_core.environment:create_environment_scripts_only(mobRobURDF_wizard)
[1.497s] INFO:colcon.colcon_core.shell:Creating package script '/home/alip22/Mobile_Robot_URDF_Maker/install/mobRobURDF_wizard/share/mobRobURDF_wizard/package.ps1'
[1.498s] INFO:colcon.colcon_core.shell:Creating package descriptor '/home/alip22/Mobile_Robot_URDF_Maker/install/mobRobURDF_wizard/share/mobRobURDF_wizard/package.dsv'
[1.498s] INFO:colcon.colcon_core.shell:Creating package script '/home/alip22/Mobile_Robot_URDF_Maker/install/mobRobURDF_wizard/share/mobRobURDF_wizard/package.sh'
[1.499s] INFO:colcon.colcon_core.shell:Creating package script '/home/alip22/Mobile_Robot_URDF_Maker/install/mobRobURDF_wizard/share/mobRobURDF_wizard/package.bash'
[1.499s] INFO:colcon.colcon_core.shell:Creating package script '/home/alip22/Mobile_Robot_URDF_Maker/install/mobRobURDF_wizard/share/mobRobURDF_wizard/package.zsh'
[1.499s] Level 1:colcon.colcon_core.environment:create_file_with_runtime_dependencies(/home/alip22/Mobile_Robot_URDF_Maker/install/mobRobURDF_wizard/share/colcon-core/packages/mobRobURDF_wizard)
[2.760s] DEBUG:colcon.colcon_core.event_handler.log_command:Invoked command in '/home/alip22/Mobile_Robot_URDF_Maker/build/mobRobURDF_description' returned '0': CMAKE_PREFIX_PATH=/opt/ros/humble /usr/bin/cmake /home/alip22/Mobile_Robot_URDF_Maker/src/mobRobURDF_description -DAMENT_CMAKE_SYMLINK_INSTALL=1 -DCMAKE_INSTALL_PREFIX=/home/alip22/Mobile_Robot_URDF_Maker/install/mobRobURDF_description
[2.762s] DEBUG:colcon.colcon_core.event_handler.log_command:Invoking command in '/home/alip22/Mobile_Robot_URDF_Maker/build/mobRobURDF_description': CMAKE_PREFIX_PATH=/opt/ros/humble /usr/bin/cmake --build /home/alip22/Mobile_Robot_URDF_Maker/build/mobRobURDF_description -- -j16 -l16
[2.780s] DEBUG:colcon.colcon_core.event_handler.log_command:Invoked command in '/home/alip22/Mobile_Robot_URDF_Maker/build/mobRobURDF_description' returned '0': CMAKE_PREFIX_PATH=/opt/ros/humble /usr/bin/cmake --build /home/alip22/Mobile_Robot_URDF_Maker/build/mobRobURDF_description -- -j16 -l16
[2.786s] DEBUG:colcon.colcon_core.event_handler.log_command:Invoking command in '/home/alip22/Mobile_Robot_URDF_Maker/build/mobRobURDF_description': CMAKE_PREFIX_PATH=/opt/ros/humble /usr/bin/cmake --install /home/alip22/Mobile_Robot_URDF_Maker/build/mobRobURDF_description
[2.853s] Level 1:colcon.colcon_core.environment:create_environment_scripts_only(mobRobURDF_description)
[2.853s] Level 1:colcon.colcon_core.environment:checking '/home/alip22/Mobile_Robot_URDF_Maker/install/mobRobURDF_description' for CMake module files
[2.853s] DEBUG:colcon.colcon_core.event_handler.log_command:Invoked command in '/home/alip22/Mobile_Robot_URDF_Maker/build/mobRobURDF_description' returned '0': CMAKE_PREFIX_PATH=/opt/ros/humble /usr/bin/cmake --install /home/alip22/Mobile_Robot_URDF_Maker/build/mobRobURDF_description
[2.854s] Level 1:colcon.colcon_core.environment:checking '/home/alip22/Mobile_Robot_URDF_Maker/install/mobRobURDF_description' for CMake config files
[2.854s] Level 1:colcon.colcon_core.shell:create_environment_hook('mobRobURDF_description', 'cmake_prefix_path')
[2.854s] INFO:colcon.colcon_core.shell:Creating environment hook '/home/alip22/Mobile_Robot_URDF_Maker/install/mobRobURDF_description/share/mobRobURDF_description/hook/cmake_prefix_path.ps1'
[2.854s] INFO:colcon.colcon_core.shell:Creating environment descriptor '/home/alip22/Mobile_Robot_URDF_Maker/install/mobRobURDF_description/share/mobRobURDF_description/hook/cmake_prefix_path.dsv'
[2.854s] INFO:colcon.colcon_core.shell:Creating environment hook '/home/alip22/Mobile_Robot_URDF_Maker/install/mobRobURDF_description/share/mobRobURDF_description/hook/cmake_prefix_path.sh'
[2.855s] Level 1:colcon.colcon_core.environment:checking '/home/alip22/Mobile_Robot_URDF_Maker/install/mobRobURDF_description/bin'
[2.855s] Level 1:colcon.colcon_core.environment:checking '/home/alip22/Mobile_Robot_URDF_Maker/install/mobRobURDF_description/lib/pkgconfig/mobRobURDF_description.pc'
[2.855s] Level 1:colcon.colcon_core.environment:checking '/home/alip22/Mobile_Robot_URDF_Maker/install/mobRobURDF_description/lib/python3.10/site-packages'
[2.855s] Level 1:colcon.colcon_core.environment:checking '/home/alip22/Mobile_Robot_URDF_Maker/install/mobRobURDF_description/bin'
[2.855s] INFO:colcon.colcon_core.shell:Creating package script '/home/alip22/Mobile_Robot_URDF_Maker/install/mobRobURDF_description/share/mobRobURDF_description/package.ps1'
[2.855s] INFO:colcon.colcon_core.shell:Creating package descriptor '/home/alip22/Mobile_Robot_URDF_Maker/install/mobRobURDF_description/share/mobRobURDF_description/package.dsv'
[2.855s] INFO:colcon.colcon_core.shell:Creating package script '/home/alip22/Mobile_Robot_URDF_Maker/install/mobRobURDF_description/share/mobRobURDF_description/package.sh'
[2.856s] INFO:colcon.colcon_core.shell:Creating package script '/home/alip22/Mobile_Robot_URDF_Maker/install/mobRobURDF_description/share/mobRobURDF_description/package.bash'
[2.856s] INFO:colcon.colcon_core.shell:Creating package script '/home/alip22/Mobile_Robot_URDF_Maker/install/mobRobURDF_description/share/mobRobURDF_description/package.zsh'
[2.856s] Level 1:colcon.colcon_core.environment:create_file_with_runtime_dependencies(/home/alip22/Mobile_Robot_URDF_Maker/install/mobRobURDF_description/share/colcon-core/packages/mobRobURDF_description)
[2.856s] Level 1:colcon.colcon_core.environment:create_environment_scripts_only(mobRobURDF_description)
[2.856s] Level 1:colcon.colcon_core.environment:checking '/home/alip22/Mobile_Robot_URDF_Maker/install/mobRobURDF_description' for CMake module files
[2.857s] Level 1:colcon.colcon_core.environment:checking '/home/alip22/Mobile_Robot_URDF_Maker/install/mobRobURDF_description' for CMake config files
[2.857s] Level 1:colcon.colcon_core.shell:create_environment_hook('mobRobURDF_description', 'cmake_prefix_path')
[2.857s] INFO:colcon.colcon_core.shell:Creating environment hook '/home/alip22/Mobile_Robot_URDF_Maker/install/mobRobURDF_description/share/mobRobURDF_description/hook/cmake_prefix_path.ps1'
[2.857s] INFO:colcon.colcon_core.shell:Creating environment descriptor '/home/alip22/Mobile_Robot_URDF_Maker/install/mobRobURDF_description/share/mobRobURDF_description/hook/cmake_prefix_path.dsv'
[2.857s] INFO:colcon.colcon_core.shell:Creating environment hook '/home/alip22/Mobile_Robot_URDF_Maker/install/mobRobURDF_description/share/mobRobURDF_description/hook/cmake_prefix_path.sh'
[2.858s] Level 1:colcon.colcon_core.environment:checking '/home/alip22/Mobile_Robot_URDF_Maker/install/mobRobURDF_description/bin'
[2.858s] Level 1:colcon.colcon_core.environment:checking '/home/alip22/Mobile_Robot_URDF_Maker/install/mobRobURDF_description/lib/pkgconfig/mobRobURDF_description.pc'
[2.858s] Level 1:colcon.colcon_core.environment:checking '/home/alip22/Mobile_Robot_URDF_Maker/install/mobRobURDF_description/lib/python3.10/site-packages'
[2.858s] Level 1:colcon.colcon_core.environment:checking '/home/alip22/Mobile_Robot_URDF_Maker/install/mobRobURDF_description/bin'
[2.858s] INFO:colcon.colcon_core.shell:Creating package script '/home/alip22/Mobile_Robot_URDF_Maker/install/mobRobURDF_description/share/mobRobURDF_description/package.ps1'
[2.858s] INFO:colcon.colcon_core.shell:Creating package descriptor '/home/alip22/Mobile_Robot_URDF_Maker/install/mobRobURDF_description/share/mobRobURDF_description/package.dsv'
[2.858s] INFO:colcon.colcon_core.shell:Creating package script '/home/alip22/Mobile_Robot_URDF_Maker/install/mobRobURDF_description/share/mobRobURDF_description/package.sh'
[2.859s] INFO:colcon.colcon_core.shell:Creating package script '/home/alip22/Mobile_Robot_URDF_Maker/install/mobRobURDF_description/share/mobRobURDF_description/package.bash'
[2.859s] INFO:colcon.colcon_core.shell:Creating package script '/home/alip22/Mobile_Robot_URDF_Maker/install/mobRobURDF_description/share/mobRobURDF_description/package.zsh'
[2.859s] Level 1:colcon.colcon_core.environment:create_file_with_runtime_dependencies(/home/alip22/Mobile_Robot_URDF_Maker/install/mobRobURDF_description/share/colcon-core/packages/mobRobURDF_description)
[2.859s] DEBUG:colcon.colcon_parallel_executor.executor.parallel:closing loop
[2.859s] DEBUG:colcon.colcon_parallel_executor.executor.parallel:loop closed
[2.859s] DEBUG:colcon.colcon_parallel_executor.executor.parallel:run_until_complete finished with '0'
[2.859s] DEBUG:colcon.colcon_core.event_reactor:joining thread
[2.892s] INFO:colcon.colcon_core.plugin_system:Skipping extension 'colcon_notification.desktop_notification.notify_send': Could not find 'notify-send'
[2.893s] INFO:colcon.colcon_core.plugin_system:Skipping extension 'colcon_notification.desktop_notification.terminal_notifier': Not used on non-Darwin systems
[2.893s] INFO:colcon.colcon_core.plugin_system:Skipping extension 'colcon_notification.desktop_notification.win32': Not used on non-Windows systems
[2.893s] INFO:colcon.colcon_notification.desktop_notification:Sending desktop notification using 'notify2'
[2.893s] DEBUG:colcon.colcon_notification.desktop_notification.notify2:Failed to initialize notify2: org.freedesktop.DBus.Error.FileNotFound: Failed to connect to socket /run/user/1000/bus: No such file or directory
[2.893s] DEBUG:colcon.colcon_core.event_reactor:joined thread
[2.893s] INFO:colcon.colcon_core.shell:Creating prefix script '/home/alip22/Mobile_Robot_URDF_Maker/install/local_setup.ps1'
[2.895s] INFO:colcon.colcon_core.shell:Creating prefix util module '/home/alip22/Mobile_Robot_URDF_Maker/install/_local_setup_util_ps1.py'
[2.895s] INFO:colcon.colcon_core.shell:Creating prefix chain script '/home/alip22/Mobile_Robot_URDF_Maker/install/setup.ps1'
[2.896s] INFO:colcon.colcon_core.shell:Creating prefix script '/home/alip22/Mobile_Robot_URDF_Maker/install/local_setup.sh'
[2.896s] INFO:colcon.colcon_core.shell:Creating prefix util module '/home/alip22/Mobile_Robot_URDF_Maker/install/_local_setup_util_sh.py'
[2.897s] INFO:colcon.colcon_core.shell:Creating prefix chain script '/home/alip22/Mobile_Robot_URDF_Maker/install/setup.sh'
[2.898s] INFO:colcon.colcon_core.shell:Creating prefix script '/home/alip22/Mobile_Robot_URDF_Maker/install/local_setup.bash'
[2.898s] INFO:colcon.colcon_core.shell:Creating prefix chain script '/home/alip22/Mobile_Robot_URDF_Maker/install/setup.bash'
[2.899s] INFO:colcon.colcon_core.shell:Creating prefix script '/home/alip22/Mobile_Robot_URDF_Maker/install/local_setup.zsh'
[2.899s] INFO:colcon.colcon_core.shell:Creating prefix chain script '/home/alip22/Mobile_Robot_URDF_Maker/install/setup.zsh'
