[0.523s] Invoking command in '/home/alip22/Mobile_Robot_URDF_Maker/build/mobRobURDF_launch': PYTHONPATH=/home/alip22/Mobile_Robot_URDF_Maker/build/mobRobURDF_launch/prefix_override:/usr/lib/python3/dist-packages/colcon_core/task/python/colcon_distutils_commands:/home/alip22/Mobile_Robot_URDF_Maker/install/mobRobURDF_launch/lib/python3.10/site-packages:${PYTHONPATH} /usr/bin/python3 -W ignore:setup.py install is deprecated -W ignore:easy_install command is deprecated setup.py develop --editable --build-directory /home/alip22/Mobile_Robot_URDF_Maker/build/mobRobURDF_launch/build --no-deps symlink_data
[0.659s] running develop
[0.755s] running egg_info
[0.757s] creating mobRobURDF_launch.egg-info
[0.757s] writing mobRobURDF_launch.egg-info/PKG-INFO
[0.758s] writing dependency_links to mobRobURDF_launch.egg-info/dependency_links.txt
[0.758s] writing entry points to mobRobURDF_launch.egg-info/entry_points.txt
[0.758s] writing requirements to mobRobURDF_launch.egg-info/requires.txt
[0.758s] writing top-level names to mobRobURDF_launch.egg-info/top_level.txt
[0.758s] writing manifest file 'mobRobURDF_launch.egg-info/SOURCES.txt'
[0.759s] reading manifest file 'mobRobURDF_launch.egg-info/SOURCES.txt'
[0.759s] writing manifest file 'mobRobURDF_launch.egg-info/SOURCES.txt'
[0.760s] running build_ext
[0.760s] Creating /home/alip22/Mobile_Robot_URDF_Maker/install/mobRobURDF_launch/lib/python3.10/site-packages/mobRobURDF-launch.egg-link (link to .)
[0.760s] 
[0.760s] Installed /home/alip22/Mobile_Robot_URDF_Maker/build/mobRobURDF_launch
[0.760s] running symlink_data
[0.760s] symbolically linking /home/alip22/Mobile_Robot_URDF_Maker/build/mobRobURDF_launch/package.xml -> /home/alip22/Mobile_Robot_URDF_Maker/install/mobRobURDF_launch/share/mobRobURDF_launch
[0.761s] creating /home/alip22/Mobile_Robot_URDF_Maker/install/mobRobURDF_launch/share/mobRobURDF_launch/launch
[0.761s] symbolically linking /home/alip22/Mobile_Robot_URDF_Maker/build/mobRobURDF_launch/launch/urdf_test.launch.py -> /home/alip22/Mobile_Robot_URDF_Maker/install/mobRobURDF_launch/share/mobRobURDF_launch/launch
[0.761s] creating /home/alip22/Mobile_Robot_URDF_Maker/install/mobRobURDF_launch/share/mobRobURDF_launch/rviz
[0.761s] symbolically linking /home/alip22/Mobile_Robot_URDF_Maker/build/mobRobURDF_launch/rviz/rviz_test.rviz -> /home/alip22/Mobile_Robot_URDF_Maker/install/mobRobURDF_launch/share/mobRobURDF_launch/rviz
[0.778s] Invoked command in '/home/alip22/Mobile_Robot_URDF_Maker/build/mobRobURDF_launch' returned '0': PYTHONPATH=/home/alip22/Mobile_Robot_URDF_Maker/build/mobRobURDF_launch/prefix_override:/usr/lib/python3/dist-packages/colcon_core/task/python/colcon_distutils_commands:/home/alip22/Mobile_Robot_URDF_Maker/install/mobRobURDF_launch/lib/python3.10/site-packages:${PYTHONPATH} /usr/bin/python3 -W ignore:setup.py install is deprecated -W ignore:easy_install command is deprecated setup.py develop --editable --build-directory /home/alip22/Mobile_Robot_URDF_Maker/build/mobRobURDF_launch/build --no-deps symlink_data
